\BOOKMARK [0][-]{chapter*.2}{Sommario}{}% 1
\BOOKMARK [0][-]{chapter*.3}{Abstract}{}% 2
\BOOKMARK [0][-]{chapter.1}{Introduction}{}% 3
\BOOKMARK [1][-]{section.1.1}{Research Area and Main Problem}{chapter.1}% 4
\BOOKMARK [1][-]{section.1.2}{Original Contributions}{chapter.1}% 5
\BOOKMARK [1][-]{section.1.3}{Thesis Structure}{chapter.1}% 6
\BOOKMARK [0][-]{chapter.2}{Problem Formulation}{}% 7
\BOOKMARK [1][-]{section.2.1}{The MAB Persistent problem}{chapter.2}% 8
\BOOKMARK [2][-]{subsection.2.1.1}{ Performance measures}{section.2.1}% 9
\BOOKMARK [1][-]{section.2.2}{Modeling of real-world scenarios}{chapter.2}% 10
\BOOKMARK [2][-]{subsection.2.2.1}{The Spotify Playlist problem}{section.2.2}% 11
\BOOKMARK [2][-]{subsection.2.2.2}{The Rental Pricing problem}{section.2.2}% 12
\BOOKMARK [0][-]{chapter.3}{Novel Algorithms}{}% 13
\BOOKMARK [1][-]{section.3.1}{Grounding Concepts}{chapter.3}% 14
\BOOKMARK [1][-]{section.3.2}{Frequentist Algorithms}{chapter.3}% 15
\BOOKMARK [2][-]{subsection.3.2.1}{Baseline UCB}{section.3.2}% 16
\BOOKMARK [2][-]{subsection.3.2.2}{Bound 1}{section.3.2}% 17
\BOOKMARK [1][-]{section.3.3}{Bayesian Algorithms}{chapter.3}% 18
\BOOKMARK [1][-]{section.3.4}{Farsighted versions}{chapter.3}% 19
\BOOKMARK [1][-]{section.3.5}{Adaptive versions}{chapter.3}% 20
\BOOKMARK [0][-]{chapter.4}{Experimental Analysis}{}% 21
\BOOKMARK [1][-]{section.4.1}{s1}{chapter.4}% 22
\BOOKMARK [0][-]{chapter.5}{Conclusions}{}% 23
\BOOKMARK [0][-]{chapter*.10}{Bibliography}{}% 24
