This is pdfTeX, Version 3.14159265-2.6-1.40.21 (MiKTeX 21.1) (preloaded format=pdflatex 2021.2.10)  25 MAR 2021 04:10
entering extended mode
**./TesiStile.tex
(TesiStile.tex
LaTeX2e <2020-10-01> patch level 4
L3 programming layer <2021-01-09> xparse <2020-03-03>
(C:\Users\agost\AppData\Local\Programs\MiKTeX\tex/latex/base\report.cls
Document Class: report 2020/04/10 v1.4m Standard LaTeX document class
(C:\Users\agost\AppData\Local\Programs\MiKTeX\tex/latex/base\size11.clo
File: size11.clo 2020/04/10 v1.4m Standard LaTeX file (size option)
)
\c@part=\count177
\c@chapter=\count178
\c@section=\count179
\c@subsection=\count180
\c@subsubsection=\count181
\c@paragraph=\count182
\c@subparagraph=\count183
\c@figure=\count184
\c@table=\count185
\abovecaptionskip=\skip47
\belowcaptionskip=\skip48
\bibindent=\dimen138
)
(C:\Users\agost\AppData\Local\Programs\MiKTeX\tex/latex/tocbibind\tocbibind.sty
Package: tocbibind 2010/10/13 v1.5k extra ToC listings
Package tocbibind Info: The document has chapter divisions on input line 50.

Package tocbibind Note: Using chapter style headings, unless overridden.

) (C:\Users\agost\AppData\Local\Programs\MiKTeX\tex/latex/graphics\graphicx.sty
Package: graphicx 2020/09/09 v1.2b Enhanced LaTeX Graphics (DPC,SPQR)
(C:\Users\agost\AppData\Local\Programs\MiKTeX\tex/latex/graphics\keyval.sty
Package: keyval 2014/10/28 v1.15 key=value parser (DPC)
\KV@toks@=\toks15
)
(C:\Users\agost\AppData\Local\Programs\MiKTeX\tex/latex/graphics\graphics.sty
Package: graphics 2020/08/30 v1.4c Standard LaTeX Graphics (DPC,SPQR)

(C:\Users\agost\AppData\Local\Programs\MiKTeX\tex/latex/graphics\trig.sty
Package: trig 2016/01/03 v1.10 sin cos tan (DPC)
)
(C:\Users\agost\AppData\Local\Programs\MiKTeX\tex/latex/graphics-cfg\graphics.c
fg
File: graphics.cfg 2016/06/04 v1.11 sample graphics configuration
)
Package graphics Info: Driver file: pdftex.def on input line 105.

(C:\Users\agost\AppData\Local\Programs\MiKTeX\tex/latex/graphics-def\pdftex.def
File: pdftex.def 2020/10/05 v1.2a Graphics/color driver for pdftex
))
\Gin@req@height=\dimen139
\Gin@req@width=\dimen140
)
(C:\Users\agost\AppData\Local\Programs\MiKTeX\tex/latex/latex-tools\tabularx.st
y
Package: tabularx 2020/01/15 v2.11c `tabularx' package (DPC)
 (C:\Users\agost\AppData\Local\Programs\MiKTeX\tex/latex/latex-tools\array.sty
Package: array 2020/10/01 v2.5c Tabular extension package (FMi)
\col@sep=\dimen141
\ar@mcellbox=\box47
\extrarowheight=\dimen142
\NC@list=\toks16
\extratabsurround=\skip49
\backup@length=\skip50
\ar@cellbox=\box48
)
\TX@col@width=\dimen143
\TX@old@table=\dimen144
\TX@old@col=\dimen145
\TX@target=\dimen146
\TX@delta=\dimen147
\TX@cols=\count186
\TX@ftn=\toks17
)
(C:\Users\agost\AppData\Local\Programs\MiKTeX\tex/latex/multirow\multirow.sty
Package: multirow 2021/01/29 v2.7 Span multiple rows of a table
\multirow@colwidth=\skip51
\multirow@cntb=\count187
\multirow@dima=\skip52
\bigstrutjot=\dimen148
)
(C:\Users\agost\AppData\Local\Programs\MiKTeX\tex/latex/caption\subcaption.sty
Package: subcaption 2020/10/07 v1.3j Sub-captions (AR)

(C:\Users\agost\AppData\Local\Programs\MiKTeX\tex/latex/caption\caption.sty
Package: caption 2020/10/26 v3.5g Customizing captions (AR)

(C:\Users\agost\AppData\Local\Programs\MiKTeX\tex/latex/caption\caption3.sty
Package: caption3 2020/10/21 v2.2e caption3 kernel (AR)
\captionmargin=\dimen149
\captionmargin@=\dimen150
\captionwidth=\dimen151
\caption@tempdima=\dimen152
\caption@indent=\dimen153
\caption@parindent=\dimen154
\caption@hangindent=\dimen155
Package caption Info: Standard document class detected.
)
\c@caption@flags=\count188
\c@continuedfloat=\count189
)
\c@subfigure=\count190
\c@subtable=\count191
)
(C:\Users\agost\AppData\Local\Programs\MiKTeX\tex/latex/latex-tools\afterpage.s
ty
Package: afterpage 2014/10/28 v1.08 After-Page Package (DPC)
\AP@output=\toks18
\AP@partial=\box49
\AP@footins=\box50
) (C:\Users\agost\AppData\Local\Programs\MiKTeX\tex/latex/amsmath\amsmath.sty
Package: amsmath 2020/09/23 v2.17i AMS math features
\@mathmargin=\skip53
For additional information on amsmath, use the `?' option.
(C:\Users\agost\AppData\Local\Programs\MiKTeX\tex/latex/amsmath\amstext.sty
Package: amstext 2000/06/29 v2.01 AMS text

(C:\Users\agost\AppData\Local\Programs\MiKTeX\tex/latex/amsmath\amsgen.sty
File: amsgen.sty 1999/11/30 v2.0 generic functions
\@emptytoks=\toks19
\ex@=\dimen156
))
(C:\Users\agost\AppData\Local\Programs\MiKTeX\tex/latex/amsmath\amsbsy.sty
Package: amsbsy 1999/11/29 v1.2d Bold Symbols
\pmbraise@=\dimen157
)
(C:\Users\agost\AppData\Local\Programs\MiKTeX\tex/latex/amsmath\amsopn.sty
Package: amsopn 2016/03/08 v2.02 operator names
)
\inf@bad=\count192
LaTeX Info: Redefining \frac on input line 234.
\uproot@=\count193
\leftroot@=\count194
LaTeX Info: Redefining \overline on input line 399.
\classnum@=\count195
\DOTSCASE@=\count196
LaTeX Info: Redefining \ldots on input line 496.
LaTeX Info: Redefining \dots on input line 499.
LaTeX Info: Redefining \cdots on input line 620.
\Mathstrutbox@=\box51
\strutbox@=\box52
\big@size=\dimen158
LaTeX Font Info:    Redeclaring font encoding OML on input line 743.
LaTeX Font Info:    Redeclaring font encoding OMS on input line 744.
\macc@depth=\count197
\c@MaxMatrixCols=\count198
\dotsspace@=\muskip16
\c@parentequation=\count199
\dspbrk@lvl=\count266
\tag@help=\toks20
\row@=\count267
\column@=\count268
\maxfields@=\count269
\andhelp@=\toks21
\eqnshift@=\dimen159
\alignsep@=\dimen160
\tagshift@=\dimen161
\tagwidth@=\dimen162
\totwidth@=\dimen163
\lineht@=\dimen164
\@envbody=\toks22
\multlinegap=\skip54
\multlinetaggap=\skip55
\mathdisplay@stack=\toks23
LaTeX Info: Redefining \[ on input line 2923.
LaTeX Info: Redefining \] on input line 2924.
)
(C:\Users\agost\AppData\Local\Programs\MiKTeX\tex/latex/amsfonts\amssymb.sty
Package: amssymb 2013/01/14 v3.01 AMS font symbols

(C:\Users\agost\AppData\Local\Programs\MiKTeX\tex/latex/amsfonts\amsfonts.sty
Package: amsfonts 2013/01/14 v3.01 Basic AMSFonts support
\symAMSa=\mathgroup4
\symAMSb=\mathgroup5
LaTeX Font Info:    Redeclaring math symbol \hbar on input line 98.
LaTeX Font Info:    Overwriting math alphabet `\mathfrak' in version `bold'
(Font)                  U/euf/m/n --> U/euf/b/n on input line 106.
)) (C:\Users\agost\AppData\Local\Programs\MiKTeX\tex/latex/amscls\amsthm.sty
Package: amsthm 2020/05/29 v2.20.6
\thm@style=\toks24
\thm@bodyfont=\toks25
\thm@headfont=\toks26
\thm@notefont=\toks27
\thm@headpunct=\toks28
\thm@preskip=\skip56
\thm@postskip=\skip57
\thm@headsep=\skip58
\dth@everypar=\toks29
)
(C:\Users\agost\AppData\Local\Programs\MiKTeX\tex/latex/graphics\rotating.sty
Package: rotating 2016/08/11 v2.16d rotated objects in LaTeX

(C:\Users\agost\AppData\Local\Programs\MiKTeX\tex/latex/base\ifthen.sty
Package: ifthen 2014/09/29 v1.1c Standard LaTeX ifthen package (DPC)
)
\c@r@tfl@t=\count270
\rotFPtop=\skip59
\rotFPbot=\skip60
\rot@float@box=\box53
\rot@mess@toks=\toks30
)
(C:\Users\agost\AppData\Local\Programs\MiKTeX\tex/latex/fancyhdr\fancyhdr.sty
Package: fancyhdr 2021/01/28 v4.0.1 Extensive control of page headers and foote
rs
\f@nch@headwidth=\skip61
\f@nch@O@elh=\skip62
\f@nch@O@erh=\skip63
\f@nch@O@olh=\skip64
\f@nch@O@orh=\skip65
\f@nch@O@elf=\skip66
\f@nch@O@erf=\skip67
\f@nch@O@olf=\skip68
\f@nch@O@orf=\skip69
)
(C:\Users\agost\AppData\Local\Programs\MiKTeX\tex/latex/pgf/frontendlayer\tikz.
sty
(C:\Users\agost\AppData\Local\Programs\MiKTeX\tex/latex/pgf/basiclayer\pgf.sty
(C:\Users\agost\AppData\Local\Programs\MiKTeX\tex/latex/pgf/utilities\pgfrcs.st
y
(C:\Users\agost\AppData\Local\Programs\MiKTeX\tex/generic/pgf/utilities\pgfutil
-common.tex
\pgfutil@everybye=\toks31
\pgfutil@tempdima=\dimen165
\pgfutil@tempdimb=\dimen166

(C:\Users\agost\AppData\Local\Programs\MiKTeX\tex/generic/pgf/utilities\pgfutil
-common-lists.tex))
(C:\Users\agost\AppData\Local\Programs\MiKTeX\tex/generic/pgf/utilities\pgfutil
-latex.def
\pgfutil@abb=\box54
)
(C:\Users\agost\AppData\Local\Programs\MiKTeX\tex/generic/pgf/utilities\pgfrcs.
code.tex
(C:\Users\agost\AppData\Local\Programs\MiKTeX\tex/generic/pgf\pgf.revision.tex)
Package: pgfrcs 2020/12/27 v3.1.8b (3.1.8b)
))
Package: pgf 2020/12/27 v3.1.8b (3.1.8b)

(C:\Users\agost\AppData\Local\Programs\MiKTeX\tex/latex/pgf/basiclayer\pgfcore.
sty
(C:\Users\agost\AppData\Local\Programs\MiKTeX\tex/latex/pgf/systemlayer\pgfsys.
sty
(C:\Users\agost\AppData\Local\Programs\MiKTeX\tex/generic/pgf/systemlayer\pgfsy
s.code.tex
Package: pgfsys 2020/12/27 v3.1.8b (3.1.8b)

(C:\Users\agost\AppData\Local\Programs\MiKTeX\tex/generic/pgf/utilities\pgfkeys
.code.tex
\pgfkeys@pathtoks=\toks32
\pgfkeys@temptoks=\toks33

(C:\Users\agost\AppData\Local\Programs\MiKTeX\tex/generic/pgf/utilities\pgfkeys
filtered.code.tex
\pgfkeys@tmptoks=\toks34
))
\pgf@x=\dimen167
\pgf@y=\dimen168
\pgf@xa=\dimen169
\pgf@ya=\dimen170
\pgf@xb=\dimen171
\pgf@yb=\dimen172
\pgf@xc=\dimen173
\pgf@yc=\dimen174
\pgf@xd=\dimen175
\pgf@yd=\dimen176
\w@pgf@writea=\write3
\r@pgf@reada=\read2
\c@pgf@counta=\count271
\c@pgf@countb=\count272
\c@pgf@countc=\count273
\c@pgf@countd=\count274
\t@pgf@toka=\toks35
\t@pgf@tokb=\toks36
\t@pgf@tokc=\toks37
\pgf@sys@id@count=\count275

(C:\Users\agost\AppData\Local\Programs\MiKTeX\tex/generic/pgf/systemlayer\pgf.c
fg
File: pgf.cfg 2020/12/27 v3.1.8b (3.1.8b)
)
Driver file for pgf: pgfsys-pdftex.def

(C:\Users\agost\AppData\Local\Programs\MiKTeX\tex/generic/pgf/systemlayer\pgfsy
s-pdftex.def
File: pgfsys-pdftex.def 2020/12/27 v3.1.8b (3.1.8b)

(C:\Users\agost\AppData\Local\Programs\MiKTeX\tex/generic/pgf/systemlayer\pgfsy
s-common-pdf.def
File: pgfsys-common-pdf.def 2020/12/27 v3.1.8b (3.1.8b)
)))
(C:\Users\agost\AppData\Local\Programs\MiKTeX\tex/generic/pgf/systemlayer\pgfsy
ssoftpath.code.tex
File: pgfsyssoftpath.code.tex 2020/12/27 v3.1.8b (3.1.8b)
\pgfsyssoftpath@smallbuffer@items=\count276
\pgfsyssoftpath@bigbuffer@items=\count277
)
(C:\Users\agost\AppData\Local\Programs\MiKTeX\tex/generic/pgf/systemlayer\pgfsy
sprotocol.code.tex
File: pgfsysprotocol.code.tex 2020/12/27 v3.1.8b (3.1.8b)
))
(C:\Users\agost\AppData\Local\Programs\MiKTeX\tex/latex/xcolor\xcolor.sty
Package: xcolor 2016/05/11 v2.12 LaTeX color extensions (UK)

(C:\Users\agost\AppData\Local\Programs\MiKTeX\tex/latex/graphics-cfg\color.cfg
File: color.cfg 2016/01/02 v1.6 sample color configuration
)
Package xcolor Info: Driver file: pdftex.def on input line 225.
Package xcolor Info: Model `cmy' substituted by `cmy0' on input line 1348.
Package xcolor Info: Model `hsb' substituted by `rgb' on input line 1352.
Package xcolor Info: Model `RGB' extended on input line 1364.
Package xcolor Info: Model `HTML' substituted by `rgb' on input line 1366.
Package xcolor Info: Model `Hsb' substituted by `hsb' on input line 1367.
Package xcolor Info: Model `tHsb' substituted by `hsb' on input line 1368.
Package xcolor Info: Model `HSB' substituted by `hsb' on input line 1369.
Package xcolor Info: Model `Gray' substituted by `gray' on input line 1370.
Package xcolor Info: Model `wave' substituted by `hsb' on input line 1371.
)
(C:\Users\agost\AppData\Local\Programs\MiKTeX\tex/generic/pgf/basiclayer\pgfcor
e.code.tex
Package: pgfcore 2020/12/27 v3.1.8b (3.1.8b)

(C:\Users\agost\AppData\Local\Programs\MiKTeX\tex/generic/pgf/math\pgfmath.code
.tex
(C:\Users\agost\AppData\Local\Programs\MiKTeX\tex/generic/pgf/math\pgfmathcalc.
code.tex
(C:\Users\agost\AppData\Local\Programs\MiKTeX\tex/generic/pgf/math\pgfmathutil.
code.tex)
(C:\Users\agost\AppData\Local\Programs\MiKTeX\tex/generic/pgf/math\pgfmathparse
r.code.tex
\pgfmath@dimen=\dimen177
\pgfmath@count=\count278
\pgfmath@box=\box55
\pgfmath@toks=\toks38
\pgfmath@stack@operand=\toks39
\pgfmath@stack@operation=\toks40
)
(C:\Users\agost\AppData\Local\Programs\MiKTeX\tex/generic/pgf/math\pgfmathfunct
ions.code.tex
(C:\Users\agost\AppData\Local\Programs\MiKTeX\tex/generic/pgf/math\pgfmathfunct
ions.basic.code.tex)
(C:\Users\agost\AppData\Local\Programs\MiKTeX\tex/generic/pgf/math\pgfmathfunct
ions.trigonometric.code.tex)
(C:\Users\agost\AppData\Local\Programs\MiKTeX\tex/generic/pgf/math\pgfmathfunct
ions.random.code.tex)
(C:\Users\agost\AppData\Local\Programs\MiKTeX\tex/generic/pgf/math\pgfmathfunct
ions.comparison.code.tex)
(C:\Users\agost\AppData\Local\Programs\MiKTeX\tex/generic/pgf/math\pgfmathfunct
ions.base.code.tex)
(C:\Users\agost\AppData\Local\Programs\MiKTeX\tex/generic/pgf/math\pgfmathfunct
ions.round.code.tex)
(C:\Users\agost\AppData\Local\Programs\MiKTeX\tex/generic/pgf/math\pgfmathfunct
ions.misc.code.tex)
(C:\Users\agost\AppData\Local\Programs\MiKTeX\tex/generic/pgf/math\pgfmathfunct
ions.integerarithmetics.code.tex)))
(C:\Users\agost\AppData\Local\Programs\MiKTeX\tex/generic/pgf/math\pgfmathfloat
.code.tex
\c@pgfmathroundto@lastzeros=\count279
))
(C:\Users\agost\AppData\Local\Programs\MiKTeX\tex/generic/pgf/math\pgfint.code.
tex)
(C:\Users\agost\AppData\Local\Programs\MiKTeX\tex/generic/pgf/basiclayer\pgfcor
epoints.code.tex
File: pgfcorepoints.code.tex 2020/12/27 v3.1.8b (3.1.8b)
\pgf@picminx=\dimen178
\pgf@picmaxx=\dimen179
\pgf@picminy=\dimen180
\pgf@picmaxy=\dimen181
\pgf@pathminx=\dimen182
\pgf@pathmaxx=\dimen183
\pgf@pathminy=\dimen184
\pgf@pathmaxy=\dimen185
\pgf@xx=\dimen186
\pgf@xy=\dimen187
\pgf@yx=\dimen188
\pgf@yy=\dimen189
\pgf@zx=\dimen190
\pgf@zy=\dimen191
)
(C:\Users\agost\AppData\Local\Programs\MiKTeX\tex/generic/pgf/basiclayer\pgfcor
epathconstruct.code.tex
File: pgfcorepathconstruct.code.tex 2020/12/27 v3.1.8b (3.1.8b)
\pgf@path@lastx=\dimen192
\pgf@path@lasty=\dimen193
)
(C:\Users\agost\AppData\Local\Programs\MiKTeX\tex/generic/pgf/basiclayer\pgfcor
epathusage.code.tex
File: pgfcorepathusage.code.tex 2020/12/27 v3.1.8b (3.1.8b)
\pgf@shorten@end@additional=\dimen194
\pgf@shorten@start@additional=\dimen195
)
(C:\Users\agost\AppData\Local\Programs\MiKTeX\tex/generic/pgf/basiclayer\pgfcor
escopes.code.tex
File: pgfcorescopes.code.tex 2020/12/27 v3.1.8b (3.1.8b)
\pgfpic=\box56
\pgf@hbox=\box57
\pgf@layerbox@main=\box58
\pgf@picture@serial@count=\count280
)
(C:\Users\agost\AppData\Local\Programs\MiKTeX\tex/generic/pgf/basiclayer\pgfcor
egraphicstate.code.tex
File: pgfcoregraphicstate.code.tex 2020/12/27 v3.1.8b (3.1.8b)
\pgflinewidth=\dimen196
)
(C:\Users\agost\AppData\Local\Programs\MiKTeX\tex/generic/pgf/basiclayer\pgfcor
etransformations.code.tex
File: pgfcoretransformations.code.tex 2020/12/27 v3.1.8b (3.1.8b)
\pgf@pt@x=\dimen197
\pgf@pt@y=\dimen198
\pgf@pt@temp=\dimen199
)
(C:\Users\agost\AppData\Local\Programs\MiKTeX\tex/generic/pgf/basiclayer\pgfcor
equick.code.tex
File: pgfcorequick.code.tex 2020/12/27 v3.1.8b (3.1.8b)
)
(C:\Users\agost\AppData\Local\Programs\MiKTeX\tex/generic/pgf/basiclayer\pgfcor
eobjects.code.tex
File: pgfcoreobjects.code.tex 2020/12/27 v3.1.8b (3.1.8b)
)
(C:\Users\agost\AppData\Local\Programs\MiKTeX\tex/generic/pgf/basiclayer\pgfcor
epathprocessing.code.tex
File: pgfcorepathprocessing.code.tex 2020/12/27 v3.1.8b (3.1.8b)
)
(C:\Users\agost\AppData\Local\Programs\MiKTeX\tex/generic/pgf/basiclayer\pgfcor
earrows.code.tex
File: pgfcorearrows.code.tex 2020/12/27 v3.1.8b (3.1.8b)
\pgfarrowsep=\dimen256
)
(C:\Users\agost\AppData\Local\Programs\MiKTeX\tex/generic/pgf/basiclayer\pgfcor
eshade.code.tex
File: pgfcoreshade.code.tex 2020/12/27 v3.1.8b (3.1.8b)
\pgf@max=\dimen257
\pgf@sys@shading@range@num=\count281
\pgf@shadingcount=\count282
)
(C:\Users\agost\AppData\Local\Programs\MiKTeX\tex/generic/pgf/basiclayer\pgfcor
eimage.code.tex
File: pgfcoreimage.code.tex 2020/12/27 v3.1.8b (3.1.8b)

(C:\Users\agost\AppData\Local\Programs\MiKTeX\tex/generic/pgf/basiclayer\pgfcor
eexternal.code.tex
File: pgfcoreexternal.code.tex 2020/12/27 v3.1.8b (3.1.8b)
\pgfexternal@startupbox=\box59
))
(C:\Users\agost\AppData\Local\Programs\MiKTeX\tex/generic/pgf/basiclayer\pgfcor
elayers.code.tex
File: pgfcorelayers.code.tex 2020/12/27 v3.1.8b (3.1.8b)
)
(C:\Users\agost\AppData\Local\Programs\MiKTeX\tex/generic/pgf/basiclayer\pgfcor
etransparency.code.tex
File: pgfcoretransparency.code.tex 2020/12/27 v3.1.8b (3.1.8b)
)
(C:\Users\agost\AppData\Local\Programs\MiKTeX\tex/generic/pgf/basiclayer\pgfcor
epatterns.code.tex
File: pgfcorepatterns.code.tex 2020/12/27 v3.1.8b (3.1.8b)
)
(C:\Users\agost\AppData\Local\Programs\MiKTeX\tex/generic/pgf/basiclayer\pgfcor
erdf.code.tex
File: pgfcorerdf.code.tex 2020/12/27 v3.1.8b (3.1.8b)
)))
(C:\Users\agost\AppData\Local\Programs\MiKTeX\tex/generic/pgf/modules\pgfmodule
shapes.code.tex
File: pgfmoduleshapes.code.tex 2020/12/27 v3.1.8b (3.1.8b)
\pgfnodeparttextbox=\box60
)
(C:\Users\agost\AppData\Local\Programs\MiKTeX\tex/generic/pgf/modules\pgfmodule
plot.code.tex
File: pgfmoduleplot.code.tex 2020/12/27 v3.1.8b (3.1.8b)
)
(C:\Users\agost\AppData\Local\Programs\MiKTeX\tex/latex/pgf/compatibility\pgfco
mp-version-0-65.sty
Package: pgfcomp-version-0-65 2020/12/27 v3.1.8b (3.1.8b)
\pgf@nodesepstart=\dimen258
\pgf@nodesepend=\dimen259
)
(C:\Users\agost\AppData\Local\Programs\MiKTeX\tex/latex/pgf/compatibility\pgfco
mp-version-1-18.sty
Package: pgfcomp-version-1-18 2020/12/27 v3.1.8b (3.1.8b)
))
(C:\Users\agost\AppData\Local\Programs\MiKTeX\tex/latex/pgf/utilities\pgffor.st
y
(C:\Users\agost\AppData\Local\Programs\MiKTeX\tex/latex/pgf/utilities\pgfkeys.s
ty
(C:\Users\agost\AppData\Local\Programs\MiKTeX\tex/generic/pgf/utilities\pgfkeys
.code.tex))
(C:\Users\agost\AppData\Local\Programs\MiKTeX\tex/latex/pgf/math\pgfmath.sty
(C:\Users\agost\AppData\Local\Programs\MiKTeX\tex/generic/pgf/math\pgfmath.code
.tex))
(C:\Users\agost\AppData\Local\Programs\MiKTeX\tex/generic/pgf/utilities\pgffor.
code.tex
Package: pgffor 2020/12/27 v3.1.8b (3.1.8b)

(C:\Users\agost\AppData\Local\Programs\MiKTeX\tex/generic/pgf/math\pgfmath.code
.tex)
\pgffor@iter=\dimen260
\pgffor@skip=\dimen261
\pgffor@stack=\toks41
\pgffor@toks=\toks42
))
(C:\Users\agost\AppData\Local\Programs\MiKTeX\tex/generic/pgf/frontendlayer/tik
z\tikz.code.tex
Package: tikz 2020/12/27 v3.1.8b (3.1.8b)

(C:\Users\agost\AppData\Local\Programs\MiKTeX\tex/generic/pgf/libraries\pgflibr
aryplothandlers.code.tex
File: pgflibraryplothandlers.code.tex 2020/12/27 v3.1.8b (3.1.8b)
\pgf@plot@mark@count=\count283
\pgfplotmarksize=\dimen262
)
\tikz@lastx=\dimen263
\tikz@lasty=\dimen264
\tikz@lastxsaved=\dimen265
\tikz@lastysaved=\dimen266
\tikz@lastmovetox=\dimen267
\tikz@lastmovetoy=\dimen268
\tikzleveldistance=\dimen269
\tikzsiblingdistance=\dimen270
\tikz@figbox=\box61
\tikz@figbox@bg=\box62
\tikz@tempbox=\box63
\tikz@tempbox@bg=\box64
\tikztreelevel=\count284
\tikznumberofchildren=\count285
\tikznumberofcurrentchild=\count286
\tikz@fig@count=\count287

(C:\Users\agost\AppData\Local\Programs\MiKTeX\tex/generic/pgf/modules\pgfmodule
matrix.code.tex
File: pgfmodulematrix.code.tex 2020/12/27 v3.1.8b (3.1.8b)
\pgfmatrixcurrentrow=\count288
\pgfmatrixcurrentcolumn=\count289
\pgf@matrix@numberofcolumns=\count290
)
\tikz@expandcount=\count291

(C:\Users\agost\AppData\Local\Programs\MiKTeX\tex/generic/pgf/frontendlayer/tik
z/libraries\tikzlibrarytopaths.code.tex
File: tikzlibrarytopaths.code.tex 2020/12/27 v3.1.8b (3.1.8b)
)))
(C:\Users\agost\AppData\Local\Programs\MiKTeX\tex/latex/float\float.sty
Package: float 2001/11/08 v1.3d Float enhancements (AL)
\c@float@type=\count292
\float@exts=\toks43
\float@box=\box65
\@float@everytoks=\toks44
\@floatcapt=\box66
)
(C:\Users\agost\AppData\Local\Programs\MiKTeX\tex/latex/hyperref\hyperref.sty
Package: hyperref 2020-05-15 v7.00e Hypertext links for LaTeX

(C:\Users\agost\AppData\Local\Programs\MiKTeX\tex/generic/ltxcmds\ltxcmds.sty
Package: ltxcmds 2020-05-10 v1.25 LaTeX kernel commands for general use (HO)
)
(C:\Users\agost\AppData\Local\Programs\MiKTeX\tex/generic/iftex\iftex.sty
Package: iftex 2020/03/06 v1.0d TeX engine tests
)
(C:\Users\agost\AppData\Local\Programs\MiKTeX\tex/generic/pdftexcmds\pdftexcmds
.sty
Package: pdftexcmds 2020-06-27 v0.33 Utility functions of pdfTeX for LuaTeX (HO
)

(C:\Users\agost\AppData\Local\Programs\MiKTeX\tex/generic/infwarerr\infwarerr.s
ty
Package: infwarerr 2019/12/03 v1.5 Providing info/warning/error messages (HO)
)
Package pdftexcmds Info: \pdf@primitive is available.
Package pdftexcmds Info: \pdf@ifprimitive is available.
Package pdftexcmds Info: \pdfdraftmode found.
)
(C:\Users\agost\AppData\Local\Programs\MiKTeX\tex/generic/kvsetkeys\kvsetkeys.s
ty
Package: kvsetkeys 2019/12/15 v1.18 Key value parser (HO)
)
(C:\Users\agost\AppData\Local\Programs\MiKTeX\tex/generic/kvdefinekeys\kvdefine
keys.sty
Package: kvdefinekeys 2019-12-19 v1.6 Define keys (HO)
)
(C:\Users\agost\AppData\Local\Programs\MiKTeX\tex/generic/pdfescape\pdfescape.s
ty
Package: pdfescape 2019/12/09 v1.15 Implements pdfTeX's escape features (HO)
) (C:\Users\agost\AppData\Local\Programs\MiKTeX\tex/latex/hycolor\hycolor.sty
Package: hycolor 2020-01-27 v1.10 Color options for hyperref/bookmark (HO)
)
(C:\Users\agost\AppData\Local\Programs\MiKTeX\tex/latex/letltxmacro\letltxmacro
.sty
Package: letltxmacro 2019/12/03 v1.6 Let assignment for LaTeX macros (HO)
)
(C:\Users\agost\AppData\Local\Programs\MiKTeX\tex/latex/auxhook\auxhook.sty
Package: auxhook 2019-12-17 v1.6 Hooks for auxiliary files (HO)
)
(C:\Users\agost\AppData\Local\Programs\MiKTeX\tex/latex/kvoptions\kvoptions.sty
Package: kvoptions 2020-10-07 v3.14 Key value format for package options (HO)
)
\@linkdim=\dimen271
\Hy@linkcounter=\count293
\Hy@pagecounter=\count294
 (C:\Users\agost\AppData\Local\Programs\MiKTeX\tex/latex/hyperref\pd1enc.def
File: pd1enc.def 2020-05-15 v7.00e Hyperref: PDFDocEncoding definition (HO)
Now handling font encoding PD1 ...
... no UTF-8 mapping file for font encoding PD1
)
(C:\Users\agost\AppData\Local\Programs\MiKTeX\tex/generic/intcalc\intcalc.sty
Package: intcalc 2019/12/15 v1.3 Expandable calculations with integers (HO)
)
(C:\Users\agost\AppData\Local\Programs\MiKTeX\tex/generic/etexcmds\etexcmds.sty
Package: etexcmds 2019/12/15 v1.7 Avoid name clashes with e-TeX commands (HO)
)
\Hy@SavedSpaceFactor=\count295
Package hyperref Info: Option `pdfusetitle' set `true' on input line 4338.
Package hyperref Info: Option `colorlinks' set `true' on input line 4338.
Package hyperref Info: Hyper figures OFF on input line 4464.
Package hyperref Info: Link nesting OFF on input line 4469.
Package hyperref Info: Hyper index ON on input line 4472.
Package hyperref Info: Plain pages OFF on input line 4479.
Package hyperref Info: Backreferencing OFF on input line 4484.
Package hyperref Info: Implicit mode ON; LaTeX internals redefined.
Package hyperref Info: Bookmarks ON on input line 4717.
\c@Hy@tempcnt=\count296
 (C:\Users\agost\AppData\Local\Programs\MiKTeX\tex/latex/url\url.sty
\Urlmuskip=\muskip17
Package: url 2013/09/16  ver 3.4  Verb mode for urls, etc.
)
LaTeX Info: Redefining \url on input line 5076.
\XeTeXLinkMargin=\dimen272

(C:\Users\agost\AppData\Local\Programs\MiKTeX\tex/generic/bitset\bitset.sty
Package: bitset 2019/12/09 v1.3 Handle bit-vector datatype (HO)

(C:\Users\agost\AppData\Local\Programs\MiKTeX\tex/generic/bigintcalc\bigintcalc
.sty
Package: bigintcalc 2019/12/15 v1.5 Expandable calculations on big integers (HO
)
))
\Fld@menulength=\count297
\Field@Width=\dimen273
\Fld@charsize=\dimen274
Package hyperref Info: Hyper figures OFF on input line 6347.
Package hyperref Info: Link nesting OFF on input line 6352.
Package hyperref Info: Hyper index ON on input line 6355.
Package hyperref Info: backreferencing OFF on input line 6362.
Package hyperref Info: Link coloring ON on input line 6365.
Package hyperref Info: Link coloring with OCG OFF on input line 6372.
Package hyperref Info: PDF/A mode OFF on input line 6377.
LaTeX Info: Redefining \ref on input line 6417.
LaTeX Info: Redefining \pageref on input line 6421.

(C:\Users\agost\AppData\Local\Programs\MiKTeX\tex/latex/base\atbegshi-ltx.sty
Package: atbegshi-ltx 2020/08/17 v1.0a Emulation of the original atbegshi packa
ge
with kernel methods
)
\Hy@abspage=\count298
\c@Item=\count299
\c@Hfootnote=\count300
)
Package hyperref Info: Driver (autodetected): hpdftex.
(C:\Users\agost\AppData\Local\Programs\MiKTeX\tex/latex/hyperref\hpdftex.def
File: hpdftex.def 2020-05-15 v7.00e Hyperref driver for pdfTeX

(C:\Users\agost\AppData\Local\Programs\MiKTeX\tex/latex/base\atveryend-ltx.sty
Package: atveryend-ltx 2020/08/19 v1.0a Emulation of the original atvery packag
e
with kernel methods
)
\Fld@listcount=\count301
\c@bookmark@seq@number=\count302

(C:\Users\agost\AppData\Local\Programs\MiKTeX\tex/latex/rerunfilecheck\rerunfil
echeck.sty
Package: rerunfilecheck 2019/12/05 v1.9 Rerun checks for auxiliary files (HO)

(C:\Users\agost\AppData\Local\Programs\MiKTeX\tex/generic/uniquecounter\uniquec
ounter.sty
Package: uniquecounter 2019/12/15 v1.4 Provide unlimited unique counter (HO)
)
Package uniquecounter Info: New unique counter `rerunfilecheck' on input line 2
86.
)
\Hy@SectionHShift=\skip70
)
(C:\Users\agost\AppData\Local\Programs\MiKTeX\tex/latex/algorithms\algorithm.st
y
Package: algorithm 2009/08/24 v0.1 Document Style `algorithm' - floating enviro
nment
\@float@every@algorithm=\toks45
\c@algorithm=\count303
)
(C:\Users\agost\AppData\Local\Programs\MiKTeX\tex/latex/algorithmicx\algpseudoc
ode.sty
Package: algpseudocode 

(C:\Users\agost\AppData\Local\Programs\MiKTeX\tex/latex/algorithmicx\algorithmi
cx.sty
Package: algorithmicx 2005/04/27 v1.2 Algorithmicx

Document Style algorithmicx 1.2 - a greatly improved `algorithmic' style
\c@ALG@line=\count304
\c@ALG@rem=\count305
\c@ALG@nested=\count306
\ALG@tlm=\skip71
\ALG@thistlm=\skip72
\c@ALG@Lnr=\count307
\c@ALG@blocknr=\count308
\c@ALG@storecount=\count309
\c@ALG@tmpcounter=\count310
\ALG@tmplength=\skip73
)
Document Style - pseudocode environments for use with the `algorithmicx' style
) (C:\Users\agost\AppData\Local\Programs\MiKTeX\tex/latex/pgfplots\pgfplots.sty

(C:\Users\agost\AppData\Local\Programs\MiKTeX\tex/generic/pgfplots\pgfplots.rev
ision.tex)
Package: pgfplots 2020/02/29 v1.17 Data Visualization (1.17)

(C:\Users\agost\AppData\Local\Programs\MiKTeX\tex/generic/pgfplots\pgfplots.cod
e.tex
(C:\Users\agost\AppData\Local\Programs\MiKTeX\tex/generic/pgfplots\pgfplotscore
.code.tex
\t@pgfplots@toka=\toks46
\t@pgfplots@tokb=\toks47
\t@pgfplots@tokc=\toks48
\pgfplots@tmpa=\dimen275
\c@pgfplots@coordindex=\count311
\c@pgfplots@scanlineindex=\count312

(C:\Users\agost\AppData\Local\Programs\MiKTeX\tex/generic/pgfplots/sys\pgfplots
sysgeneric.code.tex))
(C:\Users\agost\AppData\Local\Programs\MiKTeX\tex/generic/pgfplots/libs\pgfplot
slibrary.code.tex)
(C:\Users\agost\AppData\Local\Programs\MiKTeX\tex/generic/pgfplots/oldpgfcompat
ib\pgfplotsoldpgfsupp_loader.code.tex
(C:\Users\agost\AppData\Local\Programs\MiKTeX\tex/generic/pgf/libraries\pgflibr
aryfpu.code.tex))
(C:\Users\agost\AppData\Local\Programs\MiKTeX\tex/generic/pgfplots/util\pgfplot
sutil.code.tex
(C:\Users\agost\AppData\Local\Programs\MiKTeX\tex/generic/pgfplots/liststructur
e\pgfplotsliststructure.code.tex)
(C:\Users\agost\AppData\Local\Programs\MiKTeX\tex/generic/pgfplots/liststructur
e\pgfplotsliststructureext.code.tex)
(C:\Users\agost\AppData\Local\Programs\MiKTeX\tex/generic/pgfplots/liststructur
e\pgfplotsarray.code.tex
\c@pgfplotsarray@tmp=\count313
)
(C:\Users\agost\AppData\Local\Programs\MiKTeX\tex/generic/pgfplots/liststructur
e\pgfplotsmatrix.code.tex)
(C:\Users\agost\AppData\Local\Programs\MiKTeX\tex/generic/pgfplots/numtable\pgf
plotstableshared.code.tex
\c@pgfplotstable@counta=\count314
\t@pgfplotstable@a=\toks49
)
(C:\Users\agost\AppData\Local\Programs\MiKTeX\tex/generic/pgfplots/liststructur
e\pgfplotsdeque.code.tex)
(C:\Users\agost\AppData\Local\Programs\MiKTeX\tex/generic/pgfplots/util\pgfplot
sbinary.code.tex
(C:\Users\agost\AppData\Local\Programs\MiKTeX\tex/generic/pgfplots/util\pgfplot
sbinary.data.code.tex))
(C:\Users\agost\AppData\Local\Programs\MiKTeX\tex/generic/pgfplots/util\pgfplot
sutil.verb.code.tex)
(C:\Users\agost\AppData\Local\Programs\MiKTeX\tex/generic/pgfplots/libs\pgflibr
arypgfplots.surfshading.code.tex
\c@pgfplotslibrarysurf@no=\count315

(C:\Users\agost\AppData\Local\Programs\MiKTeX\tex/generic/pgfplots/sys\pgflibra
rypgfplots.surfshading.pgfsys-pdftex.def)))
(C:\Users\agost\AppData\Local\Programs\MiKTeX\tex/generic/pgfplots/util\pgfplot
scolormap.code.tex
(C:\Users\agost\AppData\Local\Programs\MiKTeX\tex/generic/pgfplots/util\pgfplot
scolor.code.tex))
(C:\Users\agost\AppData\Local\Programs\MiKTeX\tex/generic/pgfplots\pgfplotsstac
kedplots.code.tex)
(C:\Users\agost\AppData\Local\Programs\MiKTeX\tex/generic/pgfplots\pgfplotsplot
handlers.code.tex
(C:\Users\agost\AppData\Local\Programs\MiKTeX\tex/generic/pgfplots\pgfplotsmesh
plothandler.code.tex
(C:\Users\agost\AppData\Local\Programs\MiKTeX\tex/generic/pgfplots\pgfplotsmesh
plotimage.code.tex)))
(C:\Users\agost\AppData\Local\Programs\MiKTeX\tex/generic/pgfplots\pgfplots.sca
ling.code.tex)
(C:\Users\agost\AppData\Local\Programs\MiKTeX\tex/generic/pgfplots\pgfplotscoor
dprocessing.code.tex)
(C:\Users\agost\AppData\Local\Programs\MiKTeX\tex/generic/pgfplots\pgfplots.err
orbars.code.tex)
(C:\Users\agost\AppData\Local\Programs\MiKTeX\tex/generic/pgfplots\pgfplots.mar
kers.code.tex)
(C:\Users\agost\AppData\Local\Programs\MiKTeX\tex/generic/pgfplots\pgfplotstick
s.code.tex)
(C:\Users\agost\AppData\Local\Programs\MiKTeX\tex/generic/pgfplots\pgfplots.pat
hs.code.tex)
(C:\Users\agost\AppData\Local\Programs\MiKTeX\tex/generic/pgf/frontendlayer/tik
z/libraries\tikzlibrarydecorations.code.tex
(C:\Users\agost\AppData\Local\Programs\MiKTeX\tex/generic/pgf/modules\pgfmodule
decorations.code.tex
\pgfdecoratedcompleteddistance=\dimen276
\pgfdecoratedremainingdistance=\dimen277
\pgfdecoratedinputsegmentcompleteddistance=\dimen278
\pgfdecoratedinputsegmentremainingdistance=\dimen279
\pgf@decorate@distancetomove=\dimen280
\pgf@decorate@repeatstate=\count316
\pgfdecorationsegmentamplitude=\dimen281
\pgfdecorationsegmentlength=\dimen282
)
\tikz@lib@dec@box=\box67
)
(C:\Users\agost\AppData\Local\Programs\MiKTeX\tex/generic/pgf/frontendlayer/tik
z/libraries\tikzlibrarydecorations.pathmorphing.code.tex
(C:\Users\agost\AppData\Local\Programs\MiKTeX\tex/generic/pgf/libraries/decorat
ions\pgflibrarydecorations.pathmorphing.code.tex))
(C:\Users\agost\AppData\Local\Programs\MiKTeX\tex/generic/pgf/frontendlayer/tik
z/libraries\tikzlibrarydecorations.pathreplacing.code.tex
(C:\Users\agost\AppData\Local\Programs\MiKTeX\tex/generic/pgf/libraries/decorat
ions\pgflibrarydecorations.pathreplacing.code.tex))
\pgfplots@numplots=\count317
\pgfplots@xmin@reg=\dimen283
\pgfplots@xmax@reg=\dimen284
\pgfplots@ymin@reg=\dimen285
\pgfplots@ymax@reg=\dimen286
\pgfplots@zmin@reg=\dimen287
\pgfplots@zmax@reg=\dimen288
)
(C:\Users\agost\AppData\Local\Programs\MiKTeX\tex/generic/pgf/frontendlayer/tik
z/libraries\tikzlibraryplotmarks.code.tex
File: tikzlibraryplotmarks.code.tex 2020/12/27 v3.1.8b (3.1.8b)

(C:\Users\agost\AppData\Local\Programs\MiKTeX\tex/generic/pgf/libraries\pgflibr
aryplotmarks.code.tex
File: pgflibraryplotmarks.code.tex 2020/12/27 v3.1.8b (3.1.8b)
)))
(C:\Users\agost\AppData\Local\Programs\MiKTeX\tex/latex/jknappen\mathrsfs.sty
Package: mathrsfs 1996/01/01 Math RSFS package v1.0 (jk)
\symrsfs=\mathgroup6
)
(C:\Users\agost\AppData\Local\Programs\MiKTeX\tex/latex/colortbl\colortbl.sty
Package: colortbl 2020/01/04 v1.0e Color table columns (DPC)
\everycr=\toks50
\minrowclearance=\skip74
)
(C:\Users\agost\AppData\Local\Programs\MiKTeX\tex/latex/latex-tools\hhline.sty
Package: hhline 2020/01/04 v2.04 Table rule package (DPC)
)
(C:\Users\agost\AppData\Local\Programs\MiKTeX\tex/generic/pgf/frontendlayer/tik
z/libraries\tikzlibraryarrows.code.tex
File: tikzlibraryarrows.code.tex 2020/12/27 v3.1.8b (3.1.8b)

(C:\Users\agost\AppData\Local\Programs\MiKTeX\tex/generic/pgf/libraries\pgflibr
aryarrows.code.tex
File: pgflibraryarrows.code.tex 2020/12/27 v3.1.8b (3.1.8b)
\arrowsize=\dimen289
))
(C:\Users\agost\AppData\Local\Programs\MiKTeX\tex/latex/mathtools\mathtools.sty
Package: mathtools 2020/03/24 v1.24 mathematical typesetting tools
(C:\Users\agost\AppData\Local\Programs\MiKTeX\tex/latex/latex-tools\calc.sty
Package: calc 2017/05/25 v4.3 Infix arithmetic (KKT,FJ)
\calc@Acount=\count318
\calc@Bcount=\count319
\calc@Adimen=\dimen290
\calc@Bdimen=\dimen291
\calc@Askip=\skip75
\calc@Bskip=\skip76
LaTeX Info: Redefining \setlength on input line 80.
LaTeX Info: Redefining \addtolength on input line 81.
\calc@Ccount=\count320
\calc@Cskip=\skip77
)
(C:\Users\agost\AppData\Local\Programs\MiKTeX\tex/latex/mathtools\mhsetup.sty
Package: mhsetup 2017/03/31 v1.3 programming setup (MH)
)
LaTeX Info: Thecontrolsequence`\('isalreadyrobust on input line 130.
LaTeX Info: Thecontrolsequence`\)'isalreadyrobust on input line 130.
LaTeX Info: Thecontrolsequence`\['isalreadyrobust on input line 130.
LaTeX Info: Thecontrolsequence`\]'isalreadyrobust on input line 130.
\g_MT_multlinerow_int=\count321
\l_MT_multwidth_dim=\dimen292
\origjot=\skip78
\l_MT_shortvdotswithinadjustabove_dim=\dimen293
\l_MT_shortvdotswithinadjustbelow_dim=\dimen294
\l_MT_above_intertext_sep=\dimen295
\l_MT_below_intertext_sep=\dimen296
\l_MT_above_shortintertext_sep=\dimen297
\l_MT_below_shortintertext_sep=\dimen298
\xmathstrut@box=\box68
\xmathstrut@dim=\dimen299
) (C:\Users\agost\AppData\Local\Programs\MiKTeX\tex/latex/enumitem\enumitem.sty
Package: enumitem 2019/06/20 v3.9 Customized lists
\labelindent=\skip79
\enit@outerparindent=\dimen300
\enit@toks=\toks51
\enit@inbox=\box69
\enit@count@id=\count322
\enitdp@description=\count323
) (C:\Users\agost\AppData\Local\Programs\MiKTeX\tex/latex/natbib\natbib.sty
Package: natbib 2010/09/13 8.31b (PWD, AO)
\bibhang=\skip80
\bibsep=\skip81
LaTeX Info: Redefining \cite on input line 694.
\c@NAT@ctr=\count324
)
(C:\Users\agost\AppData\Local\Programs\MiKTeX\tex/latex/base\fontenc.sty
Package: fontenc 2020/08/10 v2.0s Standard LaTeX package
)
(C:\Users\agost\AppData\Local\Programs\MiKTeX\tex/latex/latex-tools\bm.sty
Package: bm 2019/07/24 v1.2d Bold Symbol Support (DPC/FMi)
\symboldoperators=\mathgroup7
\symboldletters=\mathgroup8
\symboldsymbols=\mathgroup9
LaTeX Font Info:    Redeclaring math alphabet \mathbf on input line 141.
LaTeX Info: Redefining \bm on input line 209.
)
(C:\Users\agost\AppData\Local\Programs\MiKTeX\tex/latex/doublestroke\dsfont.sty
Package: dsfont 1995/08/01 v0.1 Double stroke roman fonts
) (C:\Users\agost\AppData\Local\Programs\MiKTeX\tex/latex/base\inputenc.sty
Package: inputenc 2020/08/01 v1.3d Input encoding file
\inpenc@prehook=\toks52
\inpenc@posthook=\toks53
)
\c@theorem=\count325
\c@corollary=\count326
\c@definition=\count327
\c@example=\count328
\c@problem=\count329
\c@prop=\count330
\c@property=\count331
\c@obs=\count332

(C:\Users\agost\AppData\Local\Programs\MiKTeX\tex/latex/l3backend\l3backend-pdf
tex.def
File: l3backend-pdftex.def 2021-01-09 L3 backend support: PDF output (pdfTeX)
\l__kernel_color_stack_int=\count333
\l__pdf_internal_box=\box70
) (TesiStile.aux (contents/frontespizio.aux) (contents/sommario.aux)
(contents/abstract.aux) (contents/capitolo1-introduzione.aux)
(contents/formalizzazione.aux) (contents/algorithms.aux)
(contents/ExperimentalAnalysis.aux) (contents/capitolo6-conclusions.aux))
\openout1 = `TesiStile.aux'.

LaTeX Font Info:    Checking defaults for OML/cmm/m/it on input line 75.
LaTeX Font Info:    ... okay on input line 75.
LaTeX Font Info:    Checking defaults for OMS/cmsy/m/n on input line 75.
LaTeX Font Info:    ... okay on input line 75.
LaTeX Font Info:    Checking defaults for OT1/cmr/m/n on input line 75.
LaTeX Font Info:    ... okay on input line 75.
LaTeX Font Info:    Checking defaults for T1/cmr/m/n on input line 75.
LaTeX Font Info:    ... okay on input line 75.
LaTeX Font Info:    Checking defaults for TS1/cmr/m/n on input line 75.
LaTeX Font Info:    ... okay on input line 75.
LaTeX Font Info:    Checking defaults for OMX/cmex/m/n on input line 75.
LaTeX Font Info:    ... okay on input line 75.
LaTeX Font Info:    Checking defaults for U/cmr/m/n on input line 75.
LaTeX Font Info:    ... okay on input line 75.
LaTeX Font Info:    Checking defaults for PD1/pdf/m/n on input line 75.
LaTeX Font Info:    ... okay on input line 75.

(C:\Users\agost\AppData\Local\Programs\MiKTeX\tex/context/base/mkii\supp-pdf.mk
ii
[Loading MPS to PDF converter (version 2006.09.02).]
\scratchcounter=\count334
\scratchdimen=\dimen301
\scratchbox=\box71
\nofMPsegments=\count335
\nofMParguments=\count336
\everyMPshowfont=\toks54
\MPscratchCnt=\count337
\MPscratchDim=\dimen302
\MPnumerator=\count338
\makeMPintoPDFobject=\count339
\everyMPtoPDFconversion=\toks55
)
(C:\Users\agost\AppData\Local\Programs\MiKTeX\tex/latex/epstopdf-pkg\epstopdf-b
ase.sty
Package: epstopdf-base 2020-01-24 v2.11 Base part for package epstopdf

(C:\Users\agost\AppData\Local\Programs\MiKTeX\tex/latex/grfext\grfext.sty
Package: grfext 2019/12/03 v1.3 Manage graphics extensions (HO)
)
Package epstopdf-base Info: Redefining graphics rule for `.eps' on input line 4
85.
Package grfext Info: Graphics extension search list:
(grfext)             [.pdf,.png,.jpg,.mps,.jpeg,.jbig2,.jb2,.PDF,.PNG,.JPG,.JPE
G,.JBIG2,.JB2,.eps]
(grfext)             \AppendGraphicsExtensions on input line 504.
)
Package caption Info: Begin \AtBeginDocument code.
Package caption Info: float package is loaded.
Package caption Info: hyperref package is loaded.
Package caption Info: rotating package is loaded.
Package caption Info: End \AtBeginDocument code.
Package hyperref Info: Link coloring ON on input line 75.

(C:\Users\agost\AppData\Local\Programs\MiKTeX\tex/latex/hyperref\nameref.sty
Package: nameref 2019/09/16 v2.46 Cross-referencing by name of section

(C:\Users\agost\AppData\Local\Programs\MiKTeX\tex/latex/refcount\refcount.sty
Package: refcount 2019/12/15 v3.6 Data extraction from label references (HO)
)
(C:\Users\agost\AppData\Local\Programs\MiKTeX\tex/generic/gettitlestring\gettit
lestring.sty
Package: gettitlestring 2019/12/15 v1.6 Cleanup title references (HO)
)
\c@section@level=\count340
)
LaTeX Info: Redefining \ref on input line 75.
LaTeX Info: Redefining \pageref on input line 75.
LaTeX Info: Redefining \nameref on input line 75.
 (TesiStile.out) (TesiStile.out)
\@outlinefile=\write4
\openout4 = `TesiStile.out'.


Package pgfplots notification 'compat/show suggested version=true': you might b
enefit from \pgfplotsset{compat=1.17} (current compat level: 1.15).

\openout2 = `contents/frontespizio.aux'.

(contents/frontespizio.tex
<./images/logopm.pdf, id=134, 578.20877pt x 578.08434pt>
File: ./images/logopm.pdf Graphic file (type pdf)
<use ./images/logopm.pdf>
Package pdftex.def Info: ./images/logopm.pdf  used on input line 13.
(pdftex.def)             Requested size: 99.58464pt x 99.56087pt.
 [1


{C:/Users/agost/AppData/Local/MiKTeX/pdftex/config/pdftex.map} <./images/logopm
.pdf>]) [2




]
\openout2 = `contents/sommario.aux'.

 (contents/sommario.tex) [1



] [2


]
\openout2 = `contents/abstract.aux'.


(contents/abstract.tex) [3



] [4


] (TesiStile.toc
LaTeX Font Info:    Trying to load font information for U+msa on input line 4.

(C:\Users\agost\AppData\Local\Programs\MiKTeX\tex/latex/amsfonts\umsa.fd
File: umsa.fd 2013/01/14 v3.01 AMS symbols A
)
LaTeX Font Info:    Trying to load font information for U+msb on input line 4.

(C:\Users\agost\AppData\Local\Programs\MiKTeX\tex/latex/amsfonts\umsb.fd
File: umsb.fd 2013/01/14 v3.01 AMS symbols B
)
LaTeX Font Info:    Trying to load font information for U+rsfs on input line 4.


(C:\Users\agost\AppData\Local\Programs\MiKTeX\tex/latex/jknappen\ursfs.fd
File: ursfs.fd 1998/03/24 rsfs font definition file (jk)
)
[5


])
\tf@toc=\write5
\openout5 = `TesiStile.toc'.

 [6] (TesiStile.lof
Overfull \hbox (3.56195pt too wide) in paragraph at lines 7--7
 [][] [][][]\T1/cmr/m/n/10.95 Example of bucket in syn-thetic set-ting. In this
 ex-am-ple $\OML/cmm/m/it/10.95 T[] \OT1/cmr/m/n/10.95 = 
 []

)
\tf@lof=\write6
\openout6 = `TesiStile.lof'.

 [7

] [8

] (TesiStile.lot)
\tf@lot=\write7
\openout7 = `TesiStile.lot'.

 [9] [10

]
\openout2 = `contents/capitolo1-introduzione.aux'.

 (contents/capitolo1-introduzione.tex
Chapter 1.
pdfTeX warning (ext4): destination with the same identifier (name{page.1}) has 
been already used, duplicate ignored
<to be read again> 
                   \relax 
l.16 
      [1


]
LaTeX Font Info:    Trying to load font information for T1+cmss on input line 3
9.

(C:\Users\agost\AppData\Local\Programs\MiKTeX\tex/latex/base\t1cmss.fd
File: t1cmss.fd 2019/12/16 v2.5j Standard LaTeX font definitions
))

Package fancyhdr Warning: \headheight is too small (12.3pt): 
(fancyhdr)                Make it at least 13.59999pt, for example:
(fancyhdr)                \setlength{\headheight}{13.59999pt}.
(fancyhdr)                You might also make \topmargin smaller to compensate:

(fancyhdr)                \addtolength{\topmargin}{-1.29999pt}.

pdfTeX warning (ext4): destination with the same identifier (name{page.2}) has 
been already used, duplicate ignored
<to be read again> 
                   \relax 
l.108 \include{contents/capitolo1-introduzione}
                                                [2]
\openout2 = `contents/formalizzazione.aux'.


(contents/formalizzazione.tex
Chapter 2.
[3




]
LaTeX Font Info:    Trying to load font information for U+dsrom on input line 1
8.

(C:\Users\agost\AppData\Local\Programs\MiKTeX\tex/latex/doublestroke\udsrom.fd
File: Udsrom.fd 1995/08/01 v0.1 Double stroke roman font definitions
)

Package fancyhdr Warning: \headheight is too small (12.3pt): 
(fancyhdr)                Make it at least 13.59999pt, for example:
(fancyhdr)                \setlength{\headheight}{13.59999pt}.
(fancyhdr)                You might also make \topmargin smaller to compensate:

(fancyhdr)                \addtolength{\topmargin}{-1.29999pt}.

[4]

Package fancyhdr Warning: \headheight is too small (12.3pt): 
(fancyhdr)                Make it at least 13.59999pt, for example:
(fancyhdr)                \setlength{\headheight}{13.59999pt}.
(fancyhdr)                You might also make \topmargin smaller to compensate:

(fancyhdr)                \addtolength{\topmargin}{-1.29999pt}.

[5]
Underfull \hbox (badness 10000) in paragraph at lines 86--88

 []


Package fancyhdr Warning: \headheight is too small (12.3pt): 
(fancyhdr)                Make it at least 13.59999pt, for example:
(fancyhdr)                \setlength{\headheight}{13.59999pt}.
(fancyhdr)                You might also make \topmargin smaller to compensate:

(fancyhdr)                \addtolength{\topmargin}{-1.29999pt}.

[6]
Underfull \hbox (badness 3128) in paragraph at lines 92--92
[]\T1/cmr/m/it/10 Table 2.1: |Configurations-Rewards sce-nar-ios. The com-bi-na
-tion General-
 []


Package fancyhdr Warning: \headheight is too small (12.3pt): 
(fancyhdr)                Make it at least 13.59999pt, for example:
(fancyhdr)                \setlength{\headheight}{13.59999pt}.
(fancyhdr)                You might also make \topmargin smaller to compensate:

(fancyhdr)                \addtolength{\topmargin}{-1.29999pt}.

[7]

Package fancyhdr Warning: \headheight is too small (12.3pt): 
(fancyhdr)                Make it at least 13.59999pt, for example:
(fancyhdr)                \setlength{\headheight}{13.59999pt}.
(fancyhdr)                You might also make \topmargin smaller to compensate:

(fancyhdr)                \addtolength{\topmargin}{-1.29999pt}.

[8]

Package fancyhdr Warning: \headheight is too small (12.3pt): 
(fancyhdr)                Make it at least 13.59999pt, for example:
(fancyhdr)                \setlength{\headheight}{13.59999pt}.
(fancyhdr)                You might also make \topmargin smaller to compensate:

(fancyhdr)                \addtolength{\topmargin}{-1.29999pt}.

[9]

Package fancyhdr Warning: \headheight is too small (12.3pt): 
(fancyhdr)                Make it at least 13.59999pt, for example:
(fancyhdr)                \setlength{\headheight}{13.59999pt}.
(fancyhdr)                You might also make \topmargin smaller to compensate:

(fancyhdr)                \addtolength{\topmargin}{-1.29999pt}.

[10])

Package fancyhdr Warning: \headheight is too small (12.3pt): 
(fancyhdr)                Make it at least 13.59999pt, for example:
(fancyhdr)                \setlength{\headheight}{13.59999pt}.
(fancyhdr)                You might also make \topmargin smaller to compensate:

(fancyhdr)                \addtolength{\topmargin}{-1.29999pt}.

[11]
\openout2 = `contents/algorithms.aux'.

 (contents/algorithms.tex

Package fancyhdr Warning: \headheight is too small (12.3pt): 
(fancyhdr)                Make it at least 13.59999pt, for example:
(fancyhdr)                \setlength{\headheight}{13.59999pt}.
(fancyhdr)                You might also make \topmargin smaller to compensate:

(fancyhdr)                \addtolength{\topmargin}{-1.29999pt}.

[12




]
Chapter 3.

LaTeX Warning: Reference `algsumm' on page 13 undefined on input line 11.

[13]
Package hyperref Info: bookmark level for unknown algorithm defaults to 0 on in
put line 41.
LaTeX Font Info:    Trying to load font information for T1+cmtt on input line 4
1.
 (C:\Users\agost\AppData\Local\Programs\MiKTeX\tex/latex/base\t1cmtt.fd
File: t1cmtt.fd 2019/12/16 v2.5j Standard LaTeX font definitions
)
Underfull \vbox (badness 1968) has occurred while \output is active []



Package fancyhdr Warning: \headheight is too small (12.3pt): 
(fancyhdr)                Make it at least 13.59999pt, for example:
(fancyhdr)                \setlength{\headheight}{13.59999pt}.
(fancyhdr)                You might also make \topmargin smaller to compensate:

(fancyhdr)                \addtolength{\topmargin}{-1.29999pt}.

[14]

Package fancyhdr Warning: \headheight is too small (12.3pt): 
(fancyhdr)                Make it at least 13.59999pt, for example:
(fancyhdr)                \setlength{\headheight}{13.59999pt}.
(fancyhdr)                You might also make \topmargin smaller to compensate:

(fancyhdr)                \addtolength{\topmargin}{-1.29999pt}.

[15]

Package fancyhdr Warning: \headheight is too small (12.3pt): 
(fancyhdr)                Make it at least 13.59999pt, for example:
(fancyhdr)                \setlength{\headheight}{13.59999pt}.
(fancyhdr)                You might also make \topmargin smaller to compensate:

(fancyhdr)                \addtolength{\topmargin}{-1.29999pt}.

[16]

Package fancyhdr Warning: \headheight is too small (12.3pt): 
(fancyhdr)                Make it at least 13.59999pt, for example:
(fancyhdr)                \setlength{\headheight}{13.59999pt}.
(fancyhdr)                You might also make \topmargin smaller to compensate:

(fancyhdr)                \addtolength{\topmargin}{-1.29999pt}.

[17])
Underfull \vbox (badness 10000) has occurred while \output is active []



Package fancyhdr Warning: \headheight is too small (12.3pt): 
(fancyhdr)                Make it at least 13.59999pt, for example:
(fancyhdr)                \setlength{\headheight}{13.59999pt}.
(fancyhdr)                You might also make \topmargin smaller to compensate:

(fancyhdr)                \addtolength{\topmargin}{-1.29999pt}.

[18]

Package fancyhdr Warning: \headheight is too small (12.3pt): 
(fancyhdr)                Make it at least 13.59999pt, for example:
(fancyhdr)                \setlength{\headheight}{13.59999pt}.
(fancyhdr)                You might also make \topmargin smaller to compensate:

(fancyhdr)                \addtolength{\topmargin}{-1.29999pt}.

[19]
\openout2 = `contents/ExperimentalAnalysis.aux'.

 (contents/ExperimentalAnalysis.tex

Package fancyhdr Warning: \headheight is too small (12.3pt): 
(fancyhdr)                Make it at least 13.59999pt, for example:
(fancyhdr)                \setlength{\headheight}{13.59999pt}.
(fancyhdr)                You might also make \topmargin smaller to compensate:

(fancyhdr)                \addtolength{\topmargin}{-1.29999pt}.

[20




]
Chapter 4.

Overfull \hbox (23.35457pt too wide) in paragraph at lines 10--23
 [][] 
 []

[21]
Underfull \vbox (badness 1097) has occurred while \output is active []



Package fancyhdr Warning: \headheight is too small (12.3pt): 
(fancyhdr)                Make it at least 13.59999pt, for example:
(fancyhdr)                \setlength{\headheight}{13.59999pt}.
(fancyhdr)                You might also make \topmargin smaller to compensate:

(fancyhdr)                \addtolength{\topmargin}{-1.29999pt}.

[22]
<./images/chart (1)-1.png, id=450, 1723.43875pt x 1505.625pt>
File: ./images/chart (1)-1.png Graphic file (type png)
<use ./images/chart (1)-1.png>
Package pdftex.def Info: ./images/chart (1)-1.png  used on input line 83.
(pdftex.def)             Requested size: 178.11409pt x 155.60262pt.
<./images/chart (2)-1.png, id=451, 1723.43875pt x 1505.625pt>
File: ./images/chart (2)-1.png Graphic file (type png)
<use ./images/chart (2)-1.png>
Package pdftex.def Info: ./images/chart (2)-1.png  used on input line 83.
(pdftex.def)             Requested size: 170.71652pt x 149.12396pt.


Package fancyhdr Warning: \headheight is too small (12.3pt): 
(fancyhdr)                Make it at least 13.59999pt, for example:
(fancyhdr)                \setlength{\headheight}{13.59999pt}.
(fancyhdr)                You might also make \topmargin smaller to compensate:

(fancyhdr)                \addtolength{\topmargin}{-1.29999pt}.

[23 <./images/chart (1)-1.png> <./images/chart (2)-1.png>]
<./images/experiment_easy ANALYTICS.png, id=460, 680.7834pt x 378.57436pt>
File: ./images/experiment_easy ANALYTICS.png Graphic file (type png)
<use ./images/experiment_easy ANALYTICS.png>
Package pdftex.def Info: ./images/experiment_easy ANALYTICS.png  used on input 
line 116.
(pdftex.def)             Requested size: 455.24408pt x 253.15248pt.

Overfull \hbox (95.24408pt too wide) in paragraph at lines 116--118
 [][] 
 []

<./images/experiment_B ANALYTICS.png, id=462, 675.84496pt x 378.57436pt>
File: ./images/experiment_B ANALYTICS.png Graphic file (type png)
<use ./images/experiment_B ANALYTICS.png>
Package pdftex.def Info: ./images/experiment_B ANALYTICS.png  used on input lin
e 121.
(pdftex.def)             Requested size: 455.24408pt x 255.01254pt.

Overfull \hbox (95.24408pt too wide) in paragraph at lines 121--123
 [][] 
 []


Underfull \vbox (badness 10000) has occurred while \output is active []



Package fancyhdr Warning: \headheight is too small (12.3pt): 
(fancyhdr)                Make it at least 13.59999pt, for example:
(fancyhdr)                \setlength{\headheight}{13.59999pt}.
(fancyhdr)                You might also make \topmargin smaller to compensate:

(fancyhdr)                \addtolength{\topmargin}{-1.29999pt}.

[24 <./images/experiment_easy ANALYTICS.png>]
<./images/C/experiment_C_70 ANALYTICS.png, id=469, 680.7834pt x 378.57436pt>
File: ./images/C/experiment_C_70 ANALYTICS.png Graphic file (type png)
<use ./images/C/experiment_C_70 ANALYTICS.png>
Package pdftex.def Info: ./images/C/experiment_C_70 ANALYTICS.png  used on inpu
t line 128.
(pdftex.def)             Requested size: 270.30118pt x 150.3064pt.
<./images/C/experiment_C_110 ANALYTICS.png, id=470, 680.7834pt x 378.57436pt>
File: ./images/C/experiment_C_110 ANALYTICS.png Graphic file (type png)
<use ./images/C/experiment_C_110 ANALYTICS.png>
Package pdftex.def Info: ./images/C/experiment_C_110 ANALYTICS.png  used on inp
ut line 128.
(pdftex.def)             Requested size: 270.30118pt x 150.3064pt.
<./images/C/experiment_C_160 ANALYTICS.png, id=471, 680.7834pt x 378.57436pt>
File: ./images/C/experiment_C_160 ANALYTICS.png Graphic file (type png)
<use ./images/C/experiment_C_160 ANALYTICS.png>
Package pdftex.def Info: ./images/C/experiment_C_160 ANALYTICS.png  used on inp
ut line 129.
(pdftex.def)             Requested size: 270.30118pt x 150.3064pt.
<./images/C/experiment_C_210 ANALYTICS.png, id=472, 680.7834pt x 378.57436pt>
File: ./images/C/experiment_C_210 ANALYTICS.png Graphic file (type png)
<use ./images/C/experiment_C_210 ANALYTICS.png>
Package pdftex.def Info: ./images/C/experiment_C_210 ANALYTICS.png  used on inp
ut line 129.
(pdftex.def)             Requested size: 270.30118pt x 150.3064pt.

Underfull \vbox (badness 10000) has occurred while \output is active []



Package fancyhdr Warning: \headheight is too small (12.3pt): 
(fancyhdr)                Make it at least 13.59999pt, for example:
(fancyhdr)                \setlength{\headheight}{13.59999pt}.
(fancyhdr)                You might also make \topmargin smaller to compensate:

(fancyhdr)                \addtolength{\topmargin}{-1.29999pt}.

[25 <./images/experiment_B ANALYTICS.png>]
Overfull \vbox (31.62538pt too high) has occurred while \output is active []



Package fancyhdr Warning: \headheight is too small (12.3pt): 
(fancyhdr)                Make it at least 13.59999pt, for example:
(fancyhdr)                \setlength{\headheight}{13.59999pt}.
(fancyhdr)                You might also make \topmargin smaller to compensate:

(fancyhdr)                \addtolength{\topmargin}{-1.29999pt}.

[26 <./images/C/experiment_C_70 ANALYTICS.png> <./images/C/experiment_C_110 ANA
LYTICS.png> <./images/C/experiment_C_160 ANALYTICS.png> <./images/C/experiment_
C_210 ANALYTICS.png>]
<./images/experiment_spotify10k20r ANALYTICS.png, id=487, 633.92834pt x 378.574
36pt>
File: ./images/experiment_spotify10k20r ANALYTICS.png Graphic file (type png)
<use ./images/experiment_spotify10k20r ANALYTICS.png>
Package pdftex.def Info: ./images/experiment_spotify10k20r ANALYTICS.png  used 
on input line 137.
(pdftex.def)             Requested size: 455.24408pt x 271.87436pt.

Overfull \hbox (95.24408pt too wide) in paragraph at lines 137--139
 [][] 
 []

<./images/provvisori/experiment_spotify10k20r ANALYTICS.png, id=488, 633.92834p
t x 378.57436pt>
File: ./images/provvisori/experiment_spotify10k20r ANALYTICS.png Graphic file (
type png)
<use ./images/provvisori/experiment_spotify10k20r ANALYTICS.png>
Package pdftex.def Info: ./images/provvisori/experiment_spotify10k20r ANALYTICS
.png  used on input line 143.
(pdftex.def)             Requested size: 455.24408pt x 271.87436pt.

Overfull \hbox (95.24408pt too wide) in paragraph at lines 143--145
 [][] 
 []


Underfull \vbox (badness 10000) has occurred while \output is active []



Package fancyhdr Warning: \headheight is too small (12.3pt): 
(fancyhdr)                Make it at least 13.59999pt, for example:
(fancyhdr)                \setlength{\headheight}{13.59999pt}.
(fancyhdr)                You might also make \topmargin smaller to compensate:

(fancyhdr)                \addtolength{\topmargin}{-1.29999pt}.

[27 <./images/experiment_spotify10k20r ANALYTICS.png>]
<./images/provvisori/RENT_provvisorio.png, id=494, 578.16pt x 397.485pt>
File: ./images/provvisori/RENT_provvisorio.png Graphic file (type png)
<use ./images/provvisori/RENT_provvisorio.png>
Package pdftex.def Info: ./images/provvisori/RENT_provvisorio.png  used on inpu
t line 152.
(pdftex.def)             Requested size: 455.24408pt x 312.97864pt.

Overfull \hbox (95.24408pt too wide) in paragraph at lines 152--153
 [][] 
 []


Underfull \vbox (badness 10000) has occurred while \output is active []



Package fancyhdr Warning: \headheight is too small (12.3pt): 
(fancyhdr)                Make it at least 13.59999pt, for example:
(fancyhdr)                \setlength{\headheight}{13.59999pt}.
(fancyhdr)                You might also make \topmargin smaller to compensate:

(fancyhdr)                \addtolength{\topmargin}{-1.29999pt}.

[28 <./images/provvisori/experiment_spotify10k20r ANALYTICS.png>]
<./images/PULLS/experiment_C_10Idea2_zeros cum_pulls.png, id=500, 554.67226pt x
 378.57436pt>
File: ./images/PULLS/experiment_C_10Idea2_zeros cum_pulls.png Graphic file (typ
e png)
<use ./images/PULLS/experiment_C_10Idea2_zeros cum_pulls.png>
Package pdftex.def Info: ./images/PULLS/experiment_C_10Idea2_zeros cum_pulls.pn
g  used on input line 160.
(pdftex.def)             Requested size: 170.71652pt x 116.51923pt.
<./images/PULLS/experiment_C_40Idea2_zeros cum_pulls.png, id=501, 554.67226pt x
 378.57436pt>
File: ./images/PULLS/experiment_C_40Idea2_zeros cum_pulls.png Graphic file (typ
e png)
<use ./images/PULLS/experiment_C_40Idea2_zeros cum_pulls.png>
Package pdftex.def Info: ./images/PULLS/experiment_C_40Idea2_zeros cum_pulls.pn
g  used on input line 161.
(pdftex.def)             Requested size: 170.71652pt x 116.51923pt.
<./images/PULLS/experiment_C_70Idea2_zeros cum_pulls.png, id=502, 554.67226pt x
 378.57436pt>
File: ./images/PULLS/experiment_C_70Idea2_zeros cum_pulls.png Graphic file (typ
e png)
<use ./images/PULLS/experiment_C_70Idea2_zeros cum_pulls.png>
Package pdftex.def Info: ./images/PULLS/experiment_C_70Idea2_zeros cum_pulls.pn
g  used on input line 162.
(pdftex.def)             Requested size: 170.71652pt x 116.51923pt.
<./images/PULLS/experiment_C_110Idea2_zeros cum_pulls.png, id=503, 554.67226pt 
x 378.57436pt>
File: ./images/PULLS/experiment_C_110Idea2_zeros cum_pulls.png Graphic file (ty
pe png)
<use ./images/PULLS/experiment_C_110Idea2_zeros cum_pulls.png>
Package pdftex.def Info: ./images/PULLS/experiment_C_110Idea2_zeros cum_pulls.p
ng  used on input line 162.
(pdftex.def)             Requested size: 170.71652pt x 116.51923pt.
<./images/PULLS/experiment_C_160Idea2_zeros cum_pulls.png, id=504, 554.67226pt 
x 378.57436pt>
File: ./images/PULLS/experiment_C_160Idea2_zeros cum_pulls.png Graphic file (ty
pe png)
<use ./images/PULLS/experiment_C_160Idea2_zeros cum_pulls.png>
Package pdftex.def Info: ./images/PULLS/experiment_C_160Idea2_zeros cum_pulls.p
ng  used on input line 163.
(pdftex.def)             Requested size: 170.71652pt x 116.51923pt.
<./images/PULLS/experiment_C_210Idea2_zeros cum_pulls.png, id=505, 554.67226pt 
x 378.57436pt>
File: ./images/PULLS/experiment_C_210Idea2_zeros cum_pulls.png Graphic file (ty
pe png)
<use ./images/PULLS/experiment_C_210Idea2_zeros cum_pulls.png>
Package pdftex.def Info: ./images/PULLS/experiment_C_210Idea2_zeros cum_pulls.p
ng  used on input line 163.
(pdftex.def)             Requested size: 170.71652pt x 116.51923pt.

Underfull \vbox (badness 10000) has occurred while \output is active []



Package fancyhdr Warning: \headheight is too small (12.3pt): 
(fancyhdr)                Make it at least 13.59999pt, for example:
(fancyhdr)                \setlength{\headheight}{13.59999pt}.
(fancyhdr)                You might also make \topmargin smaller to compensate:

(fancyhdr)                \addtolength{\topmargin}{-1.29999pt}.

[29 <./images/provvisori/RENT_provvisorio.png>]

Package fancyhdr Warning: \headheight is too small (12.3pt): 
(fancyhdr)                Make it at least 13.59999pt, for example:
(fancyhdr)                \setlength{\headheight}{13.59999pt}.
(fancyhdr)                You might also make \topmargin smaller to compensate:

(fancyhdr)                \addtolength{\topmargin}{-1.29999pt}.

[30 <./images/PULLS/experiment_C_10Idea2_zeros cum_pulls.png> <./images/PULLS/e
xperiment_C_40Idea2_zeros cum_pulls.png> <./images/PULLS/experiment_C_70Idea2_z
eros cum_pulls.png> <./images/PULLS/experiment_C_110Idea2_zeros cum_pulls.png> 
<./images/PULLS/experiment_C_160Idea2_zeros cum_pulls.png> <./images/PULLS/expe
riment_C_210Idea2_zeros cum_pulls.png>])

Package fancyhdr Warning: \headheight is too small (12.3pt): 
(fancyhdr)                Make it at least 13.59999pt, for example:
(fancyhdr)                \setlength{\headheight}{13.59999pt}.
(fancyhdr)                You might also make \topmargin smaller to compensate:

(fancyhdr)                \addtolength{\topmargin}{-1.29999pt}.

[31]
\openout2 = `contents/capitolo6-conclusions.aux'.

 (contents/capitolo6-conclusions.tex

Package fancyhdr Warning: \headheight is too small (12.3pt): 
(fancyhdr)                Make it at least 13.59999pt, for example:
(fancyhdr)                \setlength{\headheight}{13.59999pt}.
(fancyhdr)                You might also make \topmargin smaller to compensate:

(fancyhdr)                \addtolength{\topmargin}{-1.29999pt}.

[32




]
Chapter 5.
) [33] (TesiStile.bbl

Package fancyhdr Warning: \headheight is too small (12.3pt): 
(fancyhdr)                Make it at least 13.59999pt, for example:
(fancyhdr)                \setlength{\headheight}{13.59999pt}.
(fancyhdr)                You might also make \topmargin smaller to compensate:

(fancyhdr)                \addtolength{\topmargin}{-1.29999pt}.

[34



]) [35] (TesiStile.aux (contents/frontespizio.aux) (contents/sommario.aux)
(contents/abstract.aux) (contents/capitolo1-introduzione.aux)
(contents/formalizzazione.aux) (contents/algorithms.aux)
(contents/ExperimentalAnalysis.aux) (contents/capitolo6-conclusions.aux))

LaTeX Warning: There were undefined references.

Package rerunfilecheck Info: File `TesiStile.out' has not changed.
(rerunfilecheck)             Checksum: 4F7168872E72280C6CBAC3B284D8B9E9;2048.
 ) 
Here is how much of TeX's memory you used:
 31649 strings out of 479618
 748642 string characters out of 2865026
 1133508 words of memory out of 3000000
 48002 multiletter control sequences out of 15000+200000
 436935 words of font info for 114 fonts, out of 3000000 for 9000
 1141 hyphenation exceptions out of 8191
 87i,16n,89p,1617b,609s stack positions out of 5000i,500n,10000p,200000b,50000s
{C:/Users/agost/AppData/Local/Programs/MiKTeX/fonts/enc/dvips/cm-super/cm-sup
er-t1.enc}{C:/Users/agost/AppData/Local/Programs/MiKTeX/fonts/enc/dvips/cm-supe
r/cm-super-ts1.enc}<C:/Users/agost/AppData/Local/Programs/MiKTeX/fonts/type1/pu
blic/amsfonts/cm/cmbx10.pfb><C:/Users/agost/AppData/Local/Programs/MiKTeX/fonts
/type1/public/amsfonts/cm/cmbx8.pfb><C:/Users/agost/AppData/Local/Programs/MiKT
eX/fonts/type1/public/amsfonts/cm/cmex10.pfb><C:/Users/agost/AppData/Local/Prog
rams/MiKTeX/fonts/type1/public/amsfonts/cmextra/cmex8.pfb><C:/Users/agost/AppDa
ta/Local/Programs/MiKTeX/fonts/type1/public/amsfonts/cm/cmmi10.pfb><C:/Users/ag
ost/AppData/Local/Programs/MiKTeX/fonts/type1/public/amsfonts/cm/cmmi5.pfb><C:/
Users/agost/AppData/Local/Programs/MiKTeX/fonts/type1/public/amsfonts/cm/cmmi6.
pfb><C:/Users/agost/AppData/Local/Programs/MiKTeX/fonts/type1/public/amsfonts/c
m/cmmi7.pfb><C:/Users/agost/AppData/Local/Programs/MiKTeX/fonts/type1/public/am
sfonts/cm/cmmi8.pfb><C:/Users/agost/AppData/Local/Programs/MiKTeX/fonts/type1/p
ublic/amsfonts/cm/cmmib10.pfb><C:/Users/agost/AppData/Local/Programs/MiKTeX/fon
ts/type1/public/amsfonts/cmextra/cmmib6.pfb><C:/Users/agost/AppData/Local/Progr
ams/MiKTeX/fonts/type1/public/amsfonts/cmextra/cmmib8.pfb><C:/Users/agost/AppDa
ta/Local/Programs/MiKTeX/fonts/type1/public/amsfonts/cm/cmr10.pfb><C:/Users/ago
st/AppData/Local/Programs/MiKTeX/fonts/type1/public/amsfonts/cm/cmr5.pfb><C:/Us
ers/agost/AppData/Local/Programs/MiKTeX/fonts/type1/public/amsfonts/cm/cmr6.pfb
><C:/Users/agost/AppData/Local/Programs/MiKTeX/fonts/type1/public/amsfonts/cm/c
mr8.pfb><C:/Users/agost/AppData/Local/Programs/MiKTeX/fonts/type1/public/amsfon
ts/cm/cmsy10.pfb><C:/Users/agost/AppData/Local/Programs/MiKTeX/fonts/type1/publ
ic/amsfonts/cm/cmsy8.pfb><C:/Users/agost/AppData/Local/Programs/MiKTeX/fonts/ty
pe1/public/amsfonts/cm/cmti10.pfb><C:/Users/agost/AppData/Local/Programs/MiKTeX
/fonts/type1/public/doublestroke/dsrom10.pfb><C:/Users/agost/AppData/Local/Prog
rams/MiKTeX/fonts/type1/public/cm-super/sfbi1095.pfb><C:/Users/agost/AppData/Lo
cal/Programs/MiKTeX/fonts/type1/public/cm-super/sfbx0800.pfb><C:/Users/agost/Ap
pData/Local/Programs/MiKTeX/fonts/type1/public/cm-super/sfbx1095.pfb><C:/Users/
agost/AppData/Local/Programs/MiKTeX/fonts/type1/public/cm-super/sfbx1200.pfb><C
:/Users/agost/AppData/Local/Programs/MiKTeX/fonts/type1/public/cm-super/sfbx144
0.pfb><C:/Users/agost/AppData/Local/Programs/MiKTeX/fonts/type1/public/cm-super
/sfbx1728.pfb><C:/Users/agost/AppData/Local/Programs/MiKTeX/fonts/type1/public/
cm-super/sfbx2074.pfb><C:/Users/agost/AppData/Local/Programs/MiKTeX/fonts/type1
/public/cm-super/sfbx2488.pfb><C:/Users/agost/AppData/Local/Programs/MiKTeX/fon
ts/type1/public/cm-super/sfcc0800.pfb><C:/Users/agost/AppData/Local/Programs/Mi
KTeX/fonts/type1/public/cm-super/sfrm0800.pfb><C:/Users/agost/AppData/Local/Pro
grams/MiKTeX/fonts/type1/public/cm-super/sfrm0900.pfb><C:/Users/agost/AppData/L
ocal/Programs/MiKTeX/fonts/type1/public/cm-super/sfrm1095.pfb><C:/Users/agost/A
ppData/Local/Programs/MiKTeX/fonts/type1/public/cm-super/sfss1095.pfb><C:/Users
/agost/AppData/Local/Programs/MiKTeX/fonts/type1/public/cm-super/sfti0800.pfb><
C:/Users/agost/AppData/Local/Programs/MiKTeX/fonts/type1/public/cm-super/sfti10
00.pfb><C:/Users/agost/AppData/Local/Programs/MiKTeX/fonts/type1/public/cm-supe
r/sfti1095.pfb><C:/Users/agost/AppData/Local/Programs/MiKTeX/fonts/type1/public
/cm-super/sftt1095.pfb>
Output written on TesiStile.pdf (47 pages, 8075883 bytes).
PDF statistics:
 690 PDF objects out of 1000 (max. 8388607)
 123 named destinations out of 1000 (max. 500000)
 359 words of extra memory for PDF output out of 10000 (max. 10000000)

